2024-06-09 10:00:36 DEBUG TelegramBot:26 - Yo
2024-06-09 10:08:45 DEBUG TelegramBot:29 - на
2024-06-09 10:08:46 ERROR TelegramBot:42 - org.telegram.telegrambots.meta.exceptions.TelegramApiRequestException: Unable to deserialize response
2024-06-09 10:20:45 DEBUG TelegramBot:25 - Алёна
2024-06-09 19:45:09 DEBUG UpdateProducerImplementation:14 - Алёна
2024-06-09 19:46:06 DEBUG UpdateProducerImplementation:14 - Aga
2024-06-09 19:46:31 DEBUG UpdateProducerImplementation:14 - To
2024-06-09 19:47:58 DEBUG UpdateProducerImplementation:14 - 
2024-06-24 16:42:32 DEBUG UpdateProducerImplementation:14 - /start
2024-06-24 16:42:40 DEBUG UpdateProducerImplementation:14 - привет
2024-06-24 16:45:33 DEBUG UpdateProducerImplementation:14 - 
2024-06-25 10:50:33 DEBUG UpdateProducerImplementation:14 - ко
2024-06-28 16:12:23 DEBUG UpdateProducerImplementation:21 - hello lol
2024-06-29 17:27:11 DEBUG UpdateProducerImplementation:21 - lol
2024-06-29 17:29:16 DEBUG UpdateProducerImplementation:21 - lol
2024-06-29 22:30:08 DEBUG UpdateProducerImplementation:21 - eh
2024-06-30 11:29:38 DEBUG UpdateProducerImplementation:21 - привет ёпта)
2024-06-30 14:30:20 DEBUG UpdateProducerImplementation:21 - Але
2024-06-30 14:30:20 DEBUG UpdateProducerImplementation:21 - /start
2024-06-30 14:30:48 DEBUG UpdateProducerImplementation:21 - /help
2024-06-30 14:30:51 DEBUG UpdateProducerImplementation:21 - /cancel
2024-06-30 14:30:53 DEBUG UpdateProducerImplementation:21 - /registration
2024-06-30 14:30:57 DEBUG UpdateProducerImplementation:21 - /lol
2024-06-30 14:31:00 DEBUG UpdateProducerImplementation:21 - /help
2024-06-30 16:09:17 DEBUG UpdateProducerImplementation:21 - 
2024-06-30 16:10:33 DEBUG UpdateProducerImplementation:21 - 
2024-06-30 16:13:04 DEBUG UpdateProducerImplementation:21 - 
2024-06-30 16:50:10 DEBUG UpdateProducerImplementation:21 - 
2024-06-30 16:50:40 DEBUG UpdateProducerImplementation:21 - 
2024-06-30 16:58:51 DEBUG UpdateProducerImplementation:21 - 
2024-06-30 17:12:42 DEBUG UpdateProducerImplementation:21 - /help
2024-06-30 17:12:59 DEBUG UpdateProducerImplementation:21 - /start
2024-06-30 17:13:02 DEBUG UpdateProducerImplementation:21 - /help
2024-06-30 17:13:06 DEBUG UpdateProducerImplementation:21 - /cancel
2024-06-30 17:13:08 DEBUG UpdateProducerImplementation:21 - /registration
2024-06-30 17:13:26 DEBUG UpdateProducerImplementation:21 - /stop
2024-06-30 18:22:11 DEBUG UpdateProducerImplementation:21 - /hlp
2024-06-30 18:22:26 DEBUG UpdateProducerImplementation:21 - /help
2024-06-30 18:22:29 DEBUG UpdateProducerImplementation:21 - /start
2024-06-30 18:22:50 DEBUG UpdateProducerImplementation:21 - /start
2024-07-01 16:55:01 DEBUG UpdateProducerImplementation:21 - привет
2024-07-01 16:55:14 DEBUG UpdateProducerImplementation:21 - /help
2024-07-01 16:55:16 DEBUG UpdateProducerImplementation:21 - /cancel
2024-07-01 16:55:21 DEBUG UpdateProducerImplementation:21 - привет
2024-07-01 16:55:46 DEBUG UpdateProducerImplementation:21 - 
2024-07-01 16:55:52 DEBUG UpdateProducerImplementation:21 - 
2024-07-01 16:58:01 DEBUG UpdateProducerImplementation:21 - рш
2024-07-04 19:40:04 DEBUG UpdateProducerImplementation:21 - 
2024-07-04 19:41:28 DEBUG UpdateProducerImplementation:21 - 
2024-07-04 22:19:35 DEBUG UpdateProducerImplementation:21 - 
2024-07-04 22:19:55 DEBUG UpdateProducerImplementation:21 - 
2024-07-09 12:51:53 DEBUG UpdateProducerImplementation:21 - /start
2024-07-09 12:52:41 DEBUG UpdateProducerImplementation:21 - 
2024-07-09 12:58:01 DEBUG UpdateProducerImplementation:21 - /help
2024-07-09 12:58:03 DEBUG UpdateProducerImplementation:21 - /registration
2024-07-09 12:58:17 DEBUG UpdateProducerImplementation:21 - klozevitz@yandex.ru
2024-07-09 13:02:48 DEBUG UpdateProducerImplementation:21 - /help
2024-07-09 13:02:50 DEBUG UpdateProducerImplementation:21 - /registration
2024-07-09 13:02:53 DEBUG UpdateProducerImplementation:21 - kuyg
2024-07-09 16:04:31 DEBUG UpdateProducerImplementation:21 - /start
2024-07-09 16:04:37 DEBUG UpdateProducerImplementation:21 - /help
2024-07-09 21:19:58 DEBUG UpdateProducerImplementation:21 - yo
2024-07-09 21:21:17 DEBUG UpdateProducerImplementation:21 - /registration
2024-07-09 21:21:48 DEBUG UpdateProducerImplementation:21 - klozevitz@yandex.ru
2024-07-09 21:23:05 DEBUG UpdateProducerImplementation:21 - /registration
2024-07-12 11:39:35 DEBUG UpdateProducerImplementation:21 - /start
2024-07-12 11:39:49 DEBUG UpdateProducerImplementation:21 - /start
2024-07-12 11:40:14 DEBUG UpdateProducerImplementation:21 - /register
2024-07-12 11:41:02 DEBUG UpdateProducerImplementation:21 - /start
2024-07-12 11:50:15 DEBUG UpdateProducerImplementation:21 - /
2024-07-12 11:50:23 DEBUG UpdateProducerImplementation:21 - /help
2024-07-12 11:50:37 DEBUG UpdateProducerImplementation:21 - /registration
2024-07-12 11:51:35 DEBUG UpdateProducerImplementation:21 - klozevitz@yandex.ru
2024-07-12 11:51:56 DEBUG UpdateProducerImplementation:21 - /registration
2024-07-13 15:21:10 DEBUG UpdateProducerImplementation:21 - /start
2024-07-13 15:21:16 DEBUG UpdateProducerImplementation:21 - /help
2024-07-13 15:21:18 DEBUG UpdateProducerImplementation:21 - /registration
2024-07-13 15:21:35 DEBUG UpdateProducerImplementation:21 - klozevitz@yandex.ru
2024-07-13 15:22:12 DEBUG UpdateProducerImplementation:21 - /registration
2024-07-13 15:40:38 DEBUG UpdateProducerImplementation:21 - /registration
2024-07-13 15:42:31 DEBUG UpdateProducerImplementation:21 - klozevitz@yandex.ru
2024-07-13 15:51:25 DEBUG UpdateProducerImplementation:21 - /start
2024-07-13 16:00:04 DEBUG UpdateProducerImplementation:21 - /help
2024-07-13 16:00:53 DEBUG UpdateProducerImplementation:21 - /registration
2024-07-13 16:01:33 DEBUG UpdateProducerImplementation:21 - klozevitz@yandex.ru
2024-07-14 09:32:14 DEBUG UpdateProducerImplementation:21 - /start
2024-07-14 09:32:16 DEBUG UpdateProducerImplementation:21 - /start
2024-07-14 09:34:16 DEBUG UpdateProducerImplementation:21 - /start
2024-07-14 09:34:19 DEBUG UpdateProducerImplementation:21 - /help
2024-07-14 09:34:21 DEBUG UpdateProducerImplementation:21 - /registration
2024-07-14 09:34:38 DEBUG UpdateProducerImplementation:21 - SvyatKireev54@yandex.ru
2024-07-14 09:36:08 DEBUG UpdateProducerImplementation:21 - /help
2024-07-14 09:37:16 DEBUG UpdateProducerImplementation:21 - /registration
2024-07-14 09:39:13 DEBUG UpdateProducerImplementation:21 - SvyatKireev54@yandex.ru
2024-07-14 09:42:40 DEBUG UpdateProducerImplementation:21 - /registration
2024-07-14 09:42:51 DEBUG UpdateProducerImplementation:21 - SvyatKireev54@yandex.ru
2024-07-14 09:50:05 DEBUG UpdateProducerImplementation:21 - /registration
2024-07-14 09:50:08 DEBUG UpdateProducerImplementation:21 - SvyatKireev54@yandex.ru
2024-07-14 09:52:51 DEBUG UpdateProducerImplementation:21 - /registration
2024-07-14 09:52:54 DEBUG UpdateProducerImplementation:21 - SvyatKireev54@yandex.ru
2024-07-14 09:57:44 DEBUG UpdateProducerImplementation:21 - yo
2024-07-14 09:57:46 DEBUG UpdateProducerImplementation:21 - /help
2024-07-14 09:57:47 DEBUG UpdateProducerImplementation:21 - /registration
2024-07-14 09:57:56 DEBUG UpdateProducerImplementation:21 - klozevitz@yandex.ru
2024-07-14 09:59:08 DEBUG UpdateProducerImplementation:21 - 
